<?xml version="1.0" encoding="UTF-8"?>
<!-- Generated by org.testng.reporters.JUnitXMLReporter -->
<testsuite hostname="Home-PC" ignored="2" name="com.Parameter Test two" tests="1" failures="0" timestamp="07 Nov 2017 08:45:07 GMT" time="0.01" errors="0">
  <testcase name="prameterTestTwo" time="0.005" classname="com.ParameterTest"/>
  <testcase name="prameterTestThree" time="0.0" classname="com.ParameterTest">
    <ignored/>
  </testcase> <!-- prameterTestThree -->
  <testcase name="prameterTestOne" time="0.0" classname="com.ParameterTest">
    <ignored/>
  </testcase> <!-- prameterTestOne -->
</testsuite> <!-- com.Parameter Test two -->
