<?xml version="1.0" encoding="UTF-8"?>
<!-- Generated by org.testng.reporters.JUnitXMLReporter -->
<testsuite hostname="Home-PC" ignored="0" name="Test" tests="8" failures="0" timestamp="08 Mar 2018 09:48:48 GMT" time="0.084" errors="0">
  <testcase name="testCaseOne" time="0.017" classname="practice.ParallelClassTwo"/>
  <testcase name="testCase1" time="0.017" classname="practice.ParallelClassOne"/>
  <testcase name="testCaseTwo" time="0.002" classname="practice.ParallelClassTwo"/>
  <testcase name="testCase1" time="0.006" classname="practice.ParallelClassOne"/>
  <testcase name="testCase1" time="0.002" classname="practice.ParallelClassOne"/>
  <testcase name="testCase1" time="0.0" classname="practice.ParallelClassOne"/>
  <testcase name="testCase1" time="0.0" classname="practice.ParallelClassOne"/>
  <testcase name="testCaseTwo" time="0.0" classname="practice.ParallelClassOne"/>
</testsuite> <!-- Test -->
