<?xml version="1.0" encoding="UTF-8"?>
<!-- Generated by org.testng.reporters.JUnitXMLReporter -->
<testsuite hostname="Home-PC" ignored="0" name="Default test" tests="4" failures="0" timestamp="04 Apr 2018 05:30:34 GMT" time="0.056" errors="0">
  <testcase name="firstGroupMethodOne" time="0.007" classname="com.Annotations"/>
  <testcase name="firstGroupMethodTwo" time="0.003" classname="com.Annotations"/>
  <testcase name="secondGroupMethodOne" time="0.0" classname="com.Annotations"/>
  <testcase name="secondGroupMethodTwo" time="0.002" classname="com.Annotations"/>
</testsuite> <!-- Default test -->
