<?xml version="1.0" encoding="UTF-8"?>
<!-- Generated by org.testng.reporters.JUnitXMLReporter -->
<testsuite hostname="Home-PC" ignored="2" name="FirstTest" tests="2" failures="0" timestamp="30 Oct 2017 07:42:59 GMT" time="0.05" errors="0">
  <testcase name="Test1" time="0.016" classname="com.TestClass1"/>
  <testcase name="Test2" time="0.001" classname="com.TestClass2"/>
  <testcase name="Test2" time="0.0" classname="com.TestClass1">
    <ignored/>
  </testcase> <!-- Test2 -->
  <testcase name="Test1" time="0.0" classname="com.TestClass2">
    <ignored/>
  </testcase> <!-- Test1 -->
</testsuite> <!-- FirstTest -->
