<?xml version="1.0" encoding="UTF-8"?>
<!-- Generated by org.testng.reporters.JUnitXMLReporter -->
<testsuite hostname="Home-PC" ignored="0" name="Logger Test" tests="2" failures="1" timestamp="30 Oct 2017 10:19:46 GMT" time="0.051" errors="0">
  <testcase name="Fail" time="0.014" classname="com.LoggerTest">
    <failure type="java.lang.AssertionError" message="expected [b] but found [a]">
      <![CDATA[java.lang.AssertionError: expected [b] but found [a]
	at com.LoggerTest.Fail(LoggerTest.java:16)
... Removed 31 stack frames]]>
    </failure>
  </testcase> <!-- Fail -->
  <testcase name="Success" time="0.002" classname="com.LoggerTest"/>
</testsuite> <!-- Logger Test -->
