<?xml version="1.0" encoding="UTF-8"?>
<!-- Generated by org.testng.reporters.JUnitXMLReporter -->
<testsuite hostname="Home-PC" ignored="2" name="Test" tests="2" failures="0" timestamp="03 Jan 2018 07:02:08 GMT" time="0.044" errors="0">
  <testcase name="test2" time="0.014" classname="testng.Groups"/>
  <testcase name="test4" time="0.002" classname="testng.Groups"/>
  <testcase name="test1" time="0.0" classname="testng.Groups">
    <ignored/>
  </testcase> <!-- test1 -->
  <testcase name="test3" time="0.0" classname="testng.Groups">
    <ignored/>
  </testcase> <!-- test3 -->
</testsuite> <!-- Test -->
