<?xml version="1.0" encoding="UTF-8"?>
<!-- Generated by org.testng.reporters.JUnitXMLReporter -->
<testsuite hostname="Home-PC" ignored="2" name="TestOne" tests="2" failures="0" timestamp="30 Oct 2017 07:49:10 GMT" time="0.042" errors="0">
  <testcase name="firstGroupMethodOne" time="0.008" classname="com.Annotations"/>
  <testcase name="firstGroupMethodTwo" time="0.002" classname="com.Annotations"/>
  <testcase name="secondGroupMethodTwo" time="0.0" classname="com.Annotations">
    <ignored/>
  </testcase> <!-- secondGroupMethodTwo -->
  <testcase name="secondGroupMethodOne" time="0.0" classname="com.Annotations">
    <ignored/>
  </testcase> <!-- secondGroupMethodOne -->
</testsuite> <!-- TestOne -->
