<?xml version="1.0" encoding="UTF-8"?>
<!-- Generated by org.testng.reporters.JUnitXMLReporter -->
<testsuite hostname="Home-PC" ignored="2" name="TesTwo" tests="2" failures="0" timestamp="30 Oct 2017 07:49:10 GMT" time="0.015" errors="0">
  <testcase name="secondGroupMethodOne" time="0.002" classname="com.Annotations"/>
  <testcase name="secondGroupMethodTwo" time="0.003" classname="com.Annotations"/>
  <testcase name="firstGroupMethodTwo" time="0.0" classname="com.Annotations">
    <ignored/>
  </testcase> <!-- firstGroupMethodTwo -->
  <testcase name="firstGroupMethodOne" time="0.0" classname="com.Annotations">
    <ignored/>
  </testcase> <!-- firstGroupMethodOne -->
</testsuite> <!-- TesTwo -->
