<?xml version="1.0" encoding="UTF-8"?>
<!-- Generated by org.testng.reporters.JUnitXMLReporter -->
<testsuite hostname="Home-PC" ignored="2" name="Test" tests="2" failures="0" timestamp="22 Dec 2017 11:13:50 GMT" time="0.05" errors="0">
  <testcase name="testcasetwo" time="0.01" classname="practice.Groups"/>
  <testcase name="Testcasefour" time="0.0" classname="practice.Groups"/>
  <testcase name="testcasethree" time="0.0" classname="practice.Groups">
    <ignored/>
  </testcase> <!-- testcasethree -->
  <testcase name="testcaseone" time="0.0" classname="practice.Groups">
    <ignored/>
  </testcase> <!-- testcaseone -->
</testsuite> <!-- Test -->
