<?xml version="1.0" encoding="UTF-8"?>
<!-- Generated by org.testng.reporters.JUnitXMLReporter -->
<testsuite hostname="Home-PC" ignored="0" name="FireFox Test" tests="2" failures="1" timestamp="03 Jan 2018 07:10:03 GMT" time="75.608" errors="0">
  <testcase name="TestCse1" time="6.789" classname="practice.MultiBrowserTest"/>
  <testcase name="verifyTitle" time="0.075" classname="practice.MultiBrowserTest">
    <failure type="java.lang.AssertionError" message="expected [Administrator - Home - vtiger CRM 5 - Commercial Open Source CRM] but found [vtiger CRM 5 - Commercial Open Source CRM]">
      <![CDATA[java.lang.AssertionError: expected [Administrator - Home - vtiger CRM 5 - Commercial Open Source CRM] but found [vtiger CRM 5 - Commercial Open Source CRM]
	at practice.MultiBrowserTest.verifyTitle(MultiBrowserTest.java:63)
	at java.util.concurrent.FutureTask.run(FutureTask.java:266)
	at java.util.concurrent.ThreadPoolExecutor.runWorker(ThreadPoolExecutor.java:1149)
	at java.util.concurrent.ThreadPoolExecutor$Worker.run(ThreadPoolExecutor.java:624)
	at java.lang.Thread.run(Thread.java:748)
... Removed 22 stack frames]]>
    </failure>
  </testcase> <!-- verifyTitle -->
</testsuite> <!-- FireFox Test -->
