<?xml version="1.0" encoding="UTF-8"?>
<!-- Generated by org.testng.reporters.JUnitXMLReporter -->
<testsuite hostname="Home-PC" ignored="0" name="Test case1" tests="4" failures="0" timestamp="25 Nov 2017 10:47:28 GMT" time="0.062" errors="0">
  <testcase name="testCaseOne" time="0.016" classname="packageexecution.ClassOne"/>
  <testcase name="testCaseTwo" time="0.0" classname="packageexecution.ClassOne"/>
  <testcase name="testcaseone" time="0.0" classname="packageexecution.ClassTwo"/>
  <testcase name="testcasetwo" time="0.0" classname="packageexecution.ClassTwo"/>
</testsuite> <!-- Test case1 -->
